c:\users\peatreat\desktop\indigo\indigo\release\vc141.pdb
c:\users\peatreat\desktop\indigo\indigo\release\gui.obj
c:\users\peatreat\desktop\indigo\indigo\release\skin.obj
c:\users\peatreat\desktop\indigo\indigo\release\esp.obj
c:\users\peatreat\desktop\indigo\indigo\release\aimbot.obj
c:\users\peatreat\desktop\indigo\indigo\release\misc.obj
c:\users\peatreat\desktop\indigo\indigo\release\hook.obj
c:\users\peatreat\desktop\indigo\indigo\release\client.obj
c:\users\peatreat\desktop\indigo\indigo\release\players.obj
c:\users\peatreat\desktop\indigo\indigo\release\offset.obj
c:\users\peatreat\desktop\indigo\indigo\release\netvar.obj
c:\users\peatreat\desktop\indigo\indigo\release\entity.obj
c:\users\peatreat\desktop\indigo\indigo\release\csx_memory.obj
c:\users\peatreat\desktop\indigo\indigo\release\csx_log.obj
c:\users\peatreat\desktop\indigo\indigo\release\csx_hook.obj
c:\users\peatreat\desktop\indigo\indigo\release\csx_cvar.obj
c:\users\peatreat\desktop\indigo\indigo\release\triggerbot.obj
c:\users\peatreat\desktop\indigo\indigo\release\dynskin.obj
c:\users\peatreat\desktop\indigo\indigo\release\radar.obj
c:\users\peatreat\desktop\indigo\indigo\release\knifebot.obj
c:\users\peatreat\desktop\indigo\indigo\release\engine.obj
c:\users\peatreat\desktop\indigo\indigo\release\csx_utils.obj
c:\users\peatreat\desktop\indigo\indigo\release\settings.obj
c:\users\peatreat\desktop\indigo\indigo\release\vmatrix.obj
c:\users\peatreat\desktop\indigo\indigo\release\vector4d.obj
c:\users\peatreat\desktop\indigo\indigo\release\vector2d.obj
c:\users\peatreat\desktop\indigo\indigo\release\vector.obj
c:\users\peatreat\desktop\indigo\indigo\release\sdk.obj
c:\users\peatreat\desktop\indigo\indigo\release\keyvalues.obj
c:\users\peatreat\desktop\indigo\indigo\release\crc.obj
c:\users\peatreat\desktop\indigo\indigo\release\reflectiveloader.obj
c:\users\peatreat\desktop\indigo\indigo\release\main.obj
c:\users\peatreat\desktop\indigo\indigo\release\imgui_impl_dx9.obj
c:\users\peatreat\desktop\indigo\indigo\release\imgui_draw.obj
c:\users\peatreat\desktop\indigo\indigo\release\imgui.obj
c:\users\peatreat\desktop\indigo\indigo\release\weapon.obj
c:\users\peatreat\desktop\indigo\indigo\release\render.obj
c:\users\peatreat\desktop\indigo\indigo\release\cvar.obj
c:\users\peatreat\desktop\indigo\indigo\release\util.obj
c:\users\peatreat\desktop\indigo\release\indigo.lib
c:\users\peatreat\desktop\indigo\release\indigo.exp
c:\users\peatreat\desktop\indigo\release\indigo.dll
c:\users\peatreat\desktop\indigo\indigo\release\indigo.tlog\cl.command.1.tlog
c:\users\peatreat\desktop\indigo\indigo\release\indigo.tlog\cl.read.1.tlog
c:\users\peatreat\desktop\indigo\indigo\release\indigo.tlog\cl.write.1.tlog
c:\users\peatreat\desktop\indigo\indigo\release\indigo.tlog\indigo.write.1u.tlog
c:\users\peatreat\desktop\indigo\indigo\release\indigo.tlog\link.command.1.tlog
c:\users\peatreat\desktop\indigo\indigo\release\indigo.tlog\link.read.1.tlog
c:\users\peatreat\desktop\indigo\indigo\release\indigo.tlog\link.write.1.tlog
